<?xml version="1.0" encoding="UTF-8"?>
<TestRun id="fa349ae2-b98e-498f-b433-572391f1b1d2" name="кирилл@КИРИЛЛ-ПК 2015-11-04 17:59:05" runUser="кирилл-ПК\кирилл" xmlns="http://microsoft.com/schemas/VisualStudio/TeamTest/2010">
  <TestSettings name="Локальные" id="3c2c809a-83fb-4143-8d38-dbe7e9a48065">
    <Description>Это - параметры по умолчанию для локального тестового запуска.</Description>
    <Deployment enabled="false" runDeploymentRoot="кирилл_КИРИЛЛ-ПК 2015-11-04 17_59_05">
      <DeploymentItem filename="C:\челгу\4 курс\козько\vk_Api_groups\Libs\HtmlAgilityPack.dll" />
      <DeploymentItem filename="C:\челгу\4 курс\козько\vk_Api_groups\Libs\nunit.framework.dll" />
      <DeploymentItem filename="C:\челгу\4 курс\козько\vk_Api_groups\vk_Api_groups\bin\Debug\vk_Api_groups.exe" />
    </Deployment>
    <Execution>
      <TestTypeSpecific>
        <UnitTestRunConfig testTypeId="13cdc9d9-ddb5-4fa4-a97d-d965ccfc6d4b">
          <AssemblyResolution>
            <TestDirectory useLoadContext="true" />
          </AssemblyResolution>
        </UnitTestRunConfig>
      </TestTypeSpecific>
      <AgentRule name="Execution Agents">
      </AgentRule>
    </Execution>
  </TestSettings>
  <Times creation="2015-11-04T17:59:05.5959297+06:00" queuing="2015-11-04T17:59:06.7585348+06:00" start="2015-11-04T17:59:06.9925352+06:00" finish="2015-11-04T17:59:07.8273371+06:00" />
  <ResultSummary outcome="Completed">
    <Counters total="1" executed="1" passed="1" error="0" failed="0" timeout="0" aborted="0" inconclusive="0" passedButRunAborted="0" notRunnable="0" notExecuted="0" disconnected="0" warning="0" completed="0" inProgress="0" pending="0" />
  </ResultSummary>
  <TestDefinitions>
    <UnitTest name="CounstructorTest" storage="c:\челгу\4 курс\козько\vk_api_groups\test\bin\debug\tests.dll" id="1db05d1e-6c05-8208-f6ee-d1e9856e2358">
      <Execution id="e9b7aba4-b6e5-42e4-b1c5-c6af259aa007" />
      <TestMethod codeBase="C:/челгу/4 курс/козько/vk_Api_groups/Test/bin/Debug/Tests.DLL" adapterTypeName="Microsoft.VisualStudio.TestTools.TestTypes.Unit.UnitTestAdapter, Microsoft.VisualStudio.QualityTools.Tips.UnitTest.Adapter, Version=10.0.0.0, Culture=neutral, PublicKeyToken=b03f5f7f11d50a3a" className="Tests.PostTests, Tests, Version=1.0.0.0, Culture=neutral, PublicKeyToken=null" name="CounstructorTest" />
    </UnitTest>
  </TestDefinitions>
  <TestLists>
    <TestList name="Отсутствующие в списке результаты" id="8c84fa94-04c1-424b-9868-57a2d4851a1d" />
    <TestList name="Все загруженные результаты" id="19431567-8539-422a-85d7-44ee4e166bda" />
  </TestLists>
  <TestEntries>
    <TestEntry testId="1db05d1e-6c05-8208-f6ee-d1e9856e2358" executionId="e9b7aba4-b6e5-42e4-b1c5-c6af259aa007" testListId="8c84fa94-04c1-424b-9868-57a2d4851a1d" />
  </TestEntries>
  <Results>
    <UnitTestResult executionId="e9b7aba4-b6e5-42e4-b1c5-c6af259aa007" testId="1db05d1e-6c05-8208-f6ee-d1e9856e2358" testName="CounstructorTest" computerName="КИРИЛЛ-ПК" duration="00:00:00.0336694" startTime="2015-11-04T17:59:07.1173354+06:00" endTime="2015-11-04T17:59:07.7181369+06:00" testType="13cdc9d9-ddb5-4fa4-a97d-d965ccfc6d4b" outcome="Passed" testListId="8c84fa94-04c1-424b-9868-57a2d4851a1d" relativeResultsDirectory="e9b7aba4-b6e5-42e4-b1c5-c6af259aa007">
    </UnitTestResult>
  </Results>
</TestRun>